<?xml version="1.0" encoding="UTF-8" ?>
<testsuite tests="12" failures="0" name="main.InterpreterTest" time="0.021" errors="0" skipped="0">
  <properties>
[...]
</properties>
  <testcase classname="main.InterpreterTest" name="testComplexCalculations" time="0.012"/>
  <testcase classname="main.InterpreterTest" name="testCalculateException" time="0"/>
  <testcase classname="main.InterpreterTest" name="testCalculateAddSub" time="0.002"/>
  <testcase classname="main.InterpreterTest" name="testSingleNumber" time="0.001"/>
  <testcase classname="main.InterpreterTest" name="testValidateSyntax" time="0.001"/>
  <testcase classname="main.InterpreterTest" name="testEinfacheOperationen" time="0.001"/>
  <testcase classname="main.InterpreterTest" name="testCalculate" time="0"/>
  <testcase classname="main.InterpreterTest" name="testMultiplication" time="0"/>
  <testcase classname="main.InterpreterTest" name="testAddition" time="0.002"/>
  <testcase classname="main.InterpreterTest" name="testSubstraction" time="0.001"/>
  <testcase classname="main.InterpreterTest" name="testDivision" time="0"/>
  <testcase classname="main.InterpreterTest" name="testResolveMulDiv" time="0.001"/>
</testsuite>